⚠ Cross origin request detected from 127.0.0.1 to /_next/* resource. In a future major version of Next.js, you will need to explicitly configure "allowedDevOrigins" in next.config to allow this.
Read more: https://nextjs.org/docs/app/api-reference/config/next-config-js/allowedDevOrigins
⨯ The requested resource isn't a valid image for /assets/home-sec-1.webp received null
⨯ The requested resource isn't a valid image for /assets/home-sec2.webp received null
⨯ The requested resource isn't a valid image for /assets/home-sec-2.webp received null
⨯ The requested resource isn't a valid image for /assets/home-cta.webp received null
⨯ The requested resource isn't a valid image for /assets/home-sec-3.webp received null
Error: The requested resource isn't a valid image.
    at ignore-listed frames {
  statusCode: 400
}
Error: The requested resource isn't a valid image.
    at ignore-listed frames {
  statusCode: 400
}
Error: The requested resource isn't a valid image.
    at ignore-listed frames {
  statusCode: 400
}
Error: The requested resource isn't a valid image.
    at ignore-listed frames {
  statusCode: 400
}
⨯ The requested resource isn't a valid image for /assets/home-sec-3.webp received null
⨯ The requested resource isn't a valid image for /assets/home-sec-3.webp received null
⨯ The requested resource isn't a valid image for /assets/home-sec-3.webp received null
⨯ The requested resource isn't a valid image for /assets/home-sec2.webp received null
⨯ The requested resource isn't a valid image for /assets/home-cta.webp received null
Error: The requested resource isn't a valid image.
    at ignore-listed frames {
  statusCode: 400
}
Error: The requested resource isn't a valid image.
    at ignore-listed frames {
  statusCode: 400
}
⨯ The requested resource isn't a valid image for /assets/home-sec-3-1.webp received null
⨯ The requested resource isn't a valid image for /assets/home-sec-3-2.webp received null
⨯ The requested resource isn't a valid image for /assets/home-sec-3.webp received null
Error: The requested resource isn't a valid image.
    at ignore-listed frames {
  statusCode: 400
}
⨯ The requested resource isn't a valid image for /assets/home-sec-1.webp received null
⨯ The requested resource isn't a valid image for /assets/home-sec-2.webp received null
Error: The requested resource isn't a valid image.
    at ignore-listed frames {
  statusCode: 400
}
Error: The requested resource isn't a valid image.
    at ignore-listed frames {
  statusCode: 400
}
⨯ The requested resource isn't a valid image for /assets/home-sec-3-2.webp received null
⨯ The requested resource isn't a valid image for /assets/home-sec-3-1.webp received null
⨯ The requested resource isn't a valid image for /assets/home-sec2.webp received null
⨯ The requested resource isn't a valid image for /assets/home-cta.webp received null
Error: The requested resource isn't a valid image.
    at ignore-listed frames {
  statusCode: 400
}
Error: The requested resource isn't a valid image.
    at ignore-listed frames {
  statusCode: 400
}
⨯ The requested resource isn't a valid image for /assets/home-sec-3-1.webp received null
⨯ The requested resource isn't a valid image for /assets/home-sec-3-2.webp received null
⨯ The requested resource isn't a valid image for /assets/home-sec-1.webp received null
⨯ The requested resource isn't a valid image for /assets/home-sec-3.webp received null
⨯ The requested resource isn't a valid image for /assets/home-sec-2.webp received null
⨯ The requested resource isn't a valid image for /assets/home-sec-3-4.webp received null
⨯ The requested resource isn't a valid image for /assets/home-sec-3-3.webp received null
Error: The requested resource isn't a valid image.
    at ignore-listed frames {
  statusCode: 400
}
Error: The requested resource isn't a valid image.
    at ignore-listed frames {
  statusCode: 400
}
Error: The requested resource isn't a valid image.
    at ignore-listed frames {
  statusCode: 400
}
⨯ The requested resource isn't a valid image for /assets/home-sec2.webp received null
⨯ The requested resource isn't a valid image for /assets/home-cta.webp received null
Error: The requested resource isn't a valid image.
    at ignore-listed frames {
  statusCode: 400
}
Error: The requested resource isn't a valid image.
    at ignore-listed frames {
  statusCode: 400
}
⨯ The requested resource isn't a valid image for /assets/home-sec-1.webp received null
⨯ The requested resource isn't a valid image for /assets/home-sec-3-2.webp received null
⨯ The requested resource isn't a valid image for /assets/home-sec-2.webp received null
⨯ The requested resource isn't a valid image for /assets/home-sec-3-1.webp received null
⨯ The requested resource isn't a valid image for /assets/home-sec-3.webp received null
⨯ The requested resource isn't a valid image for /assets/home-sec-3-3.webp received null
Error: The requested resource isn't a valid image.
    at ignore-listed frames {
  statusCode: 400
}
Error: The requested resource isn't a valid image.
    at ignore-listed frames {
  statusCode: 400
}
Error: The requested resource isn't a valid image.
    at ignore-listed frames {
  statusCode: 400
}
Error: The requested resource isn't a valid image.
    at ignore-listed frames {
  statusCode: 400
}
⨯ The requested resource isn't a valid image for /assets/home-sec-3-4.webp received null
Error: The requested resource isn't a valid image.
    at ignore-listed frames {
  statusCode: 400
}
Error: The requested resource isn't a valid image.
    at ignore-listed frames {
  statusCode: 400
}
Error: The requested resource isn't a valid image.
    at ignore-listed frames {
  statusCode: 400
}
⨯ The requested resource isn't a valid image for /banners/about-mob.png received null
⨯ The requested resource isn't a valid image for /banners/about-web.png received null
⨯ The requested resource isn't a valid image for /banners/about-mob.png received null
⨯ The requested resource isn't a valid image for /banners/about-web.png received null
⨯ The requested resource isn't a valid image for /banners/about-web.png received null
⨯ The requested resource isn't a valid image for /banners/about-mob.png received null
⨯ The requested resource isn't a valid image for /banners/about-web.png received null
⨯ The requested resource isn't a valid image for /banners/about-mob.png received null
⨯ The requested resource isn't a valid image for /banners/about-web.png received null
⨯ The requested resource isn't a valid image for /banners/about-mob.png received null
⨯ The requested resource isn't a valid image for /banners/about-mob.png received null
⨯ The requested resource isn't a valid image for /banners/about-web.png received null
⨯ The requested resource isn't a valid image for /banners/about-web.png received null
⨯ The requested resource isn't a valid image for /banners/about-mob.png received null
⨯ The requested resource isn't a valid image for /banners/about-web.png received null
⨯ The requested resource isn't a valid image for /banners/about-mob.png received null
Error: The requested resource isn't a valid image.
    at ignore-listed frames {
  statusCode: 400
}
Error: The requested resource isn't a valid image.
    at ignore-listed frames {
  statusCode: 400
}
⨯ The requested resource isn't a valid image for /banners/contact-web.png received null
⨯ The requested resource isn't a valid image for /banners/contact-mob.png received null
⨯ The requested resource isn't a valid image for /banners/contact-web.png received null
⨯ The requested resource isn't a valid image for /banners/contact-mob.png received null
⨯ The requested resource isn't a valid image for /banners/contact-web.png received null
⨯ The requested resource isn't a valid image for /banners/contact-mob.png received null
⨯ The requested resource isn't a valid image for /banners/contact-web.png received null
⨯ The requested resource isn't a valid image for /banners/contact-mob.png received null
⨯ The requested resource isn't a valid image for /banners/contact-web.png received null
⨯ The requested resource isn't a valid image for /banners/contact-mob.png received null
⨯ The requested resource isn't a valid image for /banners/contact-mob.png received null
⨯ The requested resource isn't a valid image for /banners/contact-web.png received null
⨯ The requested resource isn't a valid image for /banners/contact-web.png received null
⨯ The requested resource isn't a valid image for /banners/contact-mob.png received null
⨯ The requested resource isn't a valid image for /banners/contact-mob.png received null
⨯ The requested resource isn't a valid image for /banners/contact-web.png received null
⨯ The requested resource isn't a valid image for /banners/contact-mob.png received null
⨯ The requested resource isn't a valid image for /banners/contact-web.png received null
⨯ The requested resource isn't a valid image for /banners/contact-mob.png received null
Error: The requested resource isn't a valid image.
    at ignore-listed frames {
  statusCode: 400
}
Error: The requested resource isn't a valid image.
    at ignore-listed frames {
  statusCode: 400
}
