
> sarvata_landing@0.1.0 dev
> next dev --port 3200

▲ Next.js 16.1.1 (Turbopack)
- Local:         http://localhost:3200
- Network:       http://192.168.1.145:3200

✓ Starting...
Creating turbopack project { dir: 'D:\\Ayathiwork\\2026\\sarvata', testMode: true }
✓ Ready in 2.7s
○ Compiling / ...
 GET / 200 in 18.9s (compile: 16.1s, render: 2.8s)
 GET / 200 in 261ms (compile: 19ms, render: 242ms)
○ Compiling /_not-found/page ...
 GET /assets/home-sec-1.webp 404 in 7.7s (compile: 6.9s, render: 811ms)
 GET /assets/home-sec2.webp 404 in 10.0s (compile: 9.3s, render: 754ms)
 GET /assets/home-sec-2.webp 404 in 7.8s (compile: 7.0s, render: 740ms)
 GET /assets/home-cta.webp 404 in 10.5s (compile: 9.4s, render: 1078ms)
 GET /assets/home-sec-3.webp 404 in 8.3s (compile: 7.6s, render: 746ms)
 GET / 200 in 707ms (compile: 238ms, render: 469ms)
 GET /assets/home-sec-3.webp 404 in 949ms (compile: 118ms, render: 832ms)
 GET / 200 in 2.6s (compile: 711ms, render: 1913ms)
 GET /assets/home-sec-3.webp 404 in 666ms (compile: 98ms, render: 568ms)
 GET / 200 in 660ms (compile: 42ms, render: 618ms)
 GET /assets/home-sec-3.webp 404 in 521ms (compile: 178ms, render: 344ms)
 GET /assets/home-sec2.webp 404 in 792ms (compile: 125ms, render: 666ms)
 GET /assets/home-cta.webp 404 in 433ms (compile: 49ms, render: 384ms)
 GET / 200 in 2.1s (compile: 73ms, render: 2.0s)
 GET /assets/home-sec-3-1.webp 404 in 3.0s (compile: 525ms, render: 2.5s)
 GET /assets/home-sec-3-2.webp 404 in 6.5s (compile: 3.0s, render: 3.6s)
 GET /assets/home-sec-3.webp 404 in 3.9s (compile: 2.5s, render: 1340ms)
 GET /assets/home-sec-1.webp 404 in 3.8s (compile: 2.0s, render: 1737ms)
 GET /assets/home-sec-2.webp 404 in 3.9s (compile: 2.6s, render: 1280ms)
 GET / 200 in 1619ms (compile: 31ms, render: 1588ms)
 GET /assets/home-sec-3-2.webp 404 in 1309ms (compile: 34ms, render: 1275ms)
 GET /assets/home-sec-3-1.webp 404 in 1384ms (compile: 474ms, render: 910ms)
 GET /assets/home-sec2.webp 404 in 766ms (compile: 34ms, render: 731ms)
 GET /assets/home-cta.webp 404 in 776ms (compile: 384ms, render: 392ms)
 GET / 200 in 1253ms (compile: 58ms, render: 1195ms)
 GET /assets/home-sec-3-1.webp 404 in 962ms (compile: 167ms, render: 795ms)
 GET /assets/home-sec-3-2.webp 404 in 979ms (compile: 328ms, render: 651ms)
 GET /assets/home-sec-1.webp 404 in 1019ms (compile: 447ms, render: 572ms)
 GET /assets/home-sec-3.webp 404 in 1035ms (compile: 82ms, render: 952ms)
 GET /assets/home-sec-2.webp 404 in 1503ms (compile: 420ms, render: 1083ms)
 GET /assets/home-sec-3-4.webp 404 in 1178ms (compile: 439ms, render: 739ms)
 GET /assets/home-sec-3-3.webp 404 in 1199ms (compile: 530ms, render: 670ms)
 GET /assets/home-sec2.webp 404 in 334ms (compile: 25ms, render: 308ms)
 GET /assets/home-cta.webp 404 in 339ms (compile: 184ms, render: 155ms)
 GET / 200 in 688ms (compile: 58ms, render: 630ms)
 GET /assets/home-sec-1.webp 404 in 2.3s (compile: 74ms, render: 2.2s)
 GET /assets/home-sec-3-2.webp 404 in 2.3s (compile: 115ms, render: 2.2s)
 GET /assets/home-sec-2.webp 404 in 2.3s (compile: 152ms, render: 2.1s)
 GET /assets/home-sec-3-1.webp 404 in 2.3s (compile: 968ms, render: 1324ms)
 GET /assets/home-sec-3.webp 404 in 2.3s (compile: 1183ms, render: 1097ms)
 GET /assets/home-sec-3-3.webp 404 in 2.2s (compile: 1754ms, render: 462ms)
 GET /assets/home-sec-3-4.webp 404 in 486ms (compile: 54ms, render: 432ms)
 GET / 200 in 269ms (compile: 8ms, render: 262ms)
 GET / 200 in 315ms (compile: 7ms, render: 308ms)
 GET / 200 in 365ms (compile: 6ms, render: 359ms)
 GET / 200 in 327ms (compile: 5ms, render: 322ms)
 GET /about-us 200 in 3.8s (compile: 3.0s, render: 834ms)
 GET /banners/about-mob.png 404 in 570ms (compile: 64ms, render: 506ms)
 GET /banners/about-web.png 404 in 595ms (compile: 346ms, render: 249ms)
 GET /banners/about-mob.png 404 in 486ms (compile: 65ms, render: 421ms)
 GET /banners/about-web.png 404 in 549ms (compile: 146ms, render: 403ms)
 GET /about-us 200 in 1242ms (compile: 52ms, render: 1189ms)
 GET /banners/about-web.png 404 in 505ms (compile: 17ms, render: 488ms)
 GET /banners/about-mob.png 404 in 510ms (compile: 139ms, render: 371ms)
 GET /about-us 200 in 995ms (compile: 109ms, render: 886ms)
 GET /banners/about-web.png 404 in 361ms (compile: 38ms, render: 323ms)
 GET /banners/about-mob.png 404 in 241ms (compile: 62ms, render: 179ms)
 GET /about-us 200 in 1402ms (compile: 69ms, render: 1333ms)
 GET /banners/about-web.png 404 in 436ms (compile: 29ms, render: 407ms)
 GET /banners/about-mob.png 404 in 440ms (compile: 221ms, render: 219ms)
 GET /about-us 200 in 983ms (compile: 62ms, render: 921ms)
 GET /banners/about-mob.png 404 in 523ms (compile: 25ms, render: 499ms)
 GET /banners/about-web.png 404 in 584ms (compile: 221ms, render: 363ms)
 GET /about-us 200 in 1181ms (compile: 40ms, render: 1141ms)
 GET /banners/about-web.png 404 in 505ms (compile: 34ms, render: 471ms)
 GET /banners/about-mob.png 404 in 549ms (compile: 71ms, render: 478ms)
 GET /about-us 200 in 938ms (compile: 6ms, render: 932ms)
 GET /banners/about-web.png 404 in 655ms (compile: 47ms, render: 609ms)
 GET /banners/about-mob.png 404 in 676ms (compile: 253ms, render: 423ms)
 GET /about-us 200 in 1413ms (compile: 63ms, render: 1350ms)
 GET /about-us 200 in 555ms (compile: 8ms, render: 548ms)
 GET /about-us 200 in 829ms (compile: 7ms, render: 821ms)
 GET /about-us 200 in 619ms (compile: 8ms, render: 611ms)
 GET /about-us 200 in 281ms (compile: 50ms, render: 231ms)
 GET /banners/contact-web.png 404 in 305ms (compile: 31ms, render: 274ms)
 GET /banners/contact-mob.png 404 in 300ms (compile: 111ms, render: 189ms)
 GET /contact-us 200 in 1615ms (compile: 802ms, render: 813ms)
 GET /banners/contact-web.png 404 in 226ms (compile: 27ms, render: 198ms)
 GET /banners/contact-mob.png 404 in 231ms (compile: 139ms, render: 93ms)
 GET /contact-us 200 in 560ms (compile: 44ms, render: 515ms)
 GET /banners/contact-web.png 404 in 231ms (compile: 32ms, render: 199ms)
 GET /banners/contact-mob.png 404 in 236ms (compile: 141ms, render: 95ms)
 GET /contact-us 200 in 760ms (compile: 92ms, render: 669ms)
 GET /banners/contact-web.png 404 in 825ms (compile: 68ms, render: 758ms)
 GET /banners/contact-mob.png 404 in 831ms (compile: 401ms, render: 430ms)
 GET /contact-us 200 in 1383ms (compile: 10ms, render: 1373ms)
 GET /banners/contact-web.png 404 in 268ms (compile: 20ms, render: 248ms)
 GET /banners/contact-mob.png 404 in 308ms (compile: 76ms, render: 232ms)
 GET /contact-us 200 in 813ms (compile: 35ms, render: 777ms)
 GET /banners/contact-mob.png 404 in 1222ms (compile: 120ms, render: 1101ms)
 GET /banners/contact-web.png 404 in 1247ms (compile: 682ms, render: 565ms)
 GET /banners/contact-web.png 404 in 810ms (compile: 306ms, render: 504ms)
 GET /banners/contact-mob.png 404 in 851ms (compile: 480ms, render: 371ms)
 GET /contact-us 200 in 863ms (compile: 49ms, render: 814ms)
 GET /banners/contact-mob.png 404 in 397ms (compile: 37ms, render: 360ms)
 GET /banners/contact-web.png 404 in 531ms (compile: 53ms, render: 478ms)
 GET /banners/contact-mob.png 404 in 532ms (compile: 170ms, render: 362ms)
 GET /contact-us 200 in 796ms (compile: 53ms, render: 743ms)
 GET /banners/contact-web.png 404 in 1154ms (compile: 160ms, render: 994ms)
 GET /banners/contact-mob.png 404 in 1125ms (compile: 327ms, render: 799ms)
 GET /contact-us 200 in 2.1s (compile: 143ms, render: 1917ms)
 GET /contact-us 200 in 281ms (compile: 29ms, render: 252ms)
 GET /contact-us 200 in 314ms (compile: 10ms, render: 303ms)
 GET /contact-us 200 in 889ms (compile: 87ms, render: 801ms)
 GET /contact-us 200 in 239ms (compile: 46ms, render: 193ms)
○ Compiling /demo ...
 GET /demo 200 in 4.9s (compile: 4.0s, render: 828ms)
✓ Finished writing to filesystem cache in 31.5s
 GET /demo 200 in 1729ms (compile: 573ms, render: 1155ms)
 GET /demo 200 in 3.0s (compile: 191ms, render: 2.8s)
✓ Finished filesystem cache database compaction in 44s
✓ Finished writing to filesystem cache in 41s
 GET /demo 200 in 672ms (compile: 110ms, render: 561ms)
 GET /demo 200 in 480ms (compile: 46ms, render: 434ms)
 GET /demo 200 in 488ms (compile: 17ms, render: 470ms)
✓ Finished writing to filesystem cache in 16.0s
 GET /demo 200 in 818ms (compile: 74ms, render: 744ms)
✓ Finished writing to filesystem cache in 24.6s
✓ Finished filesystem cache database compaction in 38.4s
✓ Finished writing to filesystem cache in 32.3s
 GET /demo 200 in 1095ms (compile: 35ms, render: 1059ms)
✓ Finished writing to filesystem cache in 10.7s
 GET /demo 200 in 932ms (compile: 246ms, render: 686ms)
✓ Finished writing to filesystem cache in 21.7s
 GET /demo 200 in 779ms (compile: 177ms, render: 603ms)
✓ Finished writing to filesystem cache in 12.1s
 GET / 200 in 5.1s (compile: 2.4s, render: 2.7s)
 GET /demo 200 in 423ms (compile: 11ms, render: 412ms)
 GET / 200 in 3.4s (compile: 9ms, render: 3.4s)
✓ Finished writing to filesystem cache in 13.9s
 GET /demo 200 in 961ms (compile: 13ms, render: 948ms)
○ Compiling /services ...
 GET /services 200 in 5.8s (compile: 5.4s, render: 315ms)
 GET / 200 in 827ms (compile: 342ms, render: 485ms)
✓ Finished filesystem cache database compaction in 13.5s
